<?xml version="1.0" encoding="UTF-8"?>
<testsuite name="Cucumber" time="29.248" tests="1" skipped="0" failures="0" errors="0">
<testcase classname="Search By Voice Test" name="Search by Voice Test" time="28.975">
<system-out><![CDATA[
Given user goes main page...................................................passed
Given user taps on microphone button........................................passed
Then loads sampleVoiceFile..................................................passed
]]></system-out>
</testcase>
</testsuite>
